C51 COMPILER V9.60.0.0   UART_DRIVER                                                       07/24/2022 19:56:44 PAGE 1   


C51 COMPILER V9.60.0.0, COMPILATION OF MODULE UART_DRIVER
OBJECT MODULE PLACED IN .\Objects\UART_driver.obj
COMPILER INVOKED BY: C:\Keil_v5\C51\BIN\C51.EXE UART_driver.c OPTIMIZE(8,SPEED) BROWSE DEBUG OBJECTEXTEND PRINT(.\Listin
                    -gs\UART_driver.lst) TABS(2) OBJECT(.\Objects\UART_driver.obj)

line level    source

   1          /* UART_driver.c */
   2          
   3          #include <reg51.h>
   4          #include "header.h"
   5          
   6          void uart_init(unsigned int baudrate)
   7          {
   8   1        /* UART initilization */
   9   1        SCON = 0X50;
  10   1        TMOD |= 0X20;
  11   1        TH1 = 253;     /* for baudrate of 9600 */
  12   1        TR1 = 1;       /* start baudrate settting */
  13   1        
  14   1        switch(baudrate)
  15   1        {
  16   2          case 7200 : TH1 = 252;
  17   2                      break;
  18   2          
  19   2          case 9600 : TH1 = 253;
  20   2                      break;
  21   2          
  22   2          case 14400: TH1 = 254;
  23   2                      break;
  24   2          
  25   2          case 28800: TH1 = 255;
  26   2                      break;
  27   2          
  28   2          case 57600: TH1 = 252;
  29   2                      PCON = (1 << 8 );
  30   2                      break;
  31   2          
  32   2        }
  33   1        
  34   1        TR1 = 1; /* start baudrate setting */ 
  35   1      }
  36          
  37          
  38          
  39          
  40          unsigned char uart_rx(void)
  41          {
  42   1        
  43   1        while( RI == 0);  /* waiting for data receve */
  44   1        RI = 0;
  45   1        
  46   1        return SBUF;
  47   1      }


MODULE INFORMATION:   STATIC OVERLAYABLE
   CODE SIZE        =     78    ----
   CONSTANT SIZE    =   ----    ----
   XDATA SIZE       =   ----    ----
   PDATA SIZE       =   ----    ----
C51 COMPILER V9.60.0.0   UART_DRIVER                                                       07/24/2022 19:56:44 PAGE 2   

   DATA SIZE        =   ----    ----
   IDATA SIZE       =   ----    ----
   BIT SIZE         =   ----    ----
END OF MODULE INFORMATION.


C51 COMPILATION COMPLETE.  0 WARNING(S),  0 ERROR(S)
